Performing C SOURCE FILE Test CMAKE_HAVE_LIBC_PTHREAD failed with the following output:
Change Dir: /home/ukasz/CLionProjects/Poker/cmake-build-debug/CMakeFiles/CMakeTmp

Run Build Command(s):/usr/bin/make cmTC_96396/fast && /usr/bin/make  -f CMakeFiles/cmTC_96396.dir/build.make CMakeFiles/cmTC_96396.dir/build
make[1]: Entering directory '/home/ukasz/CLionProjects/Poker/cmake-build-debug/CMakeFiles/CMakeTmp'
Building C object CMakeFiles/cmTC_96396.dir/src.c.o
/usr/bin/cc -DCMAKE_HAVE_LIBC_PTHREAD   -o CMakeFiles/cmTC_96396.dir/src.c.o -c /home/ukasz/CLionProjects/Poker/cmake-build-debug/CMakeFiles/CMakeTmp/src.c
Linking C executable cmTC_96396
/home/ukasz/Clion/clion-2021.1.1/bin/cmake/linux/bin/cmake -E cmake_link_script CMakeFiles/cmTC_96396.dir/link.txt --verbose=1
/usr/bin/cc CMakeFiles/cmTC_96396.dir/src.c.o -o cmTC_96396 
/usr/bin/ld: CMakeFiles/cmTC_96396.dir/src.c.o: in function `main':
src.c:(.text+0x46): undefined reference to `pthread_create'
/usr/bin/ld: src.c:(.text+0x52): undefined reference to `pthread_detach'
/usr/bin/ld: src.c:(.text+0x5e): undefined reference to `pthread_cancel'
/usr/bin/ld: src.c:(.text+0x6f): undefined reference to `pthread_join'
collect2: error: ld returned 1 exit status
make[1]: *** [CMakeFiles/cmTC_96396.dir/build.make:106: cmTC_96396] Error 1
make[1]: Leaving directory '/home/ukasz/CLionProjects/Poker/cmake-build-debug/CMakeFiles/CMakeTmp'
make: *** [Makefile:140: cmTC_96396/fast] Error 2


Source file was:
#include <pthread.h>

static void* test_func(void* data)
{
  return data;
}

int main(void)
{
  pthread_t thread;
  pthread_create(&thread, NULL, test_func, NULL);
  pthread_detach(thread);
  pthread_cancel(thread);
  pthread_join(thread, NULL);
  pthread_atfork(NULL, NULL, NULL);
  pthread_exit(NULL);

  return 0;
}

Determining if the function pthread_create exists in the pthreads failed with the following output:
Change Dir: /home/ukasz/CLionProjects/Poker/cmake-build-debug/CMakeFiles/CMakeTmp

Run Build Command(s):/usr/bin/make cmTC_94294/fast && /usr/bin/make  -f CMakeFiles/cmTC_94294.dir/build.make CMakeFiles/cmTC_94294.dir/build
make[1]: Entering directory '/home/ukasz/CLionProjects/Poker/cmake-build-debug/CMakeFiles/CMakeTmp'
Building C object CMakeFiles/cmTC_94294.dir/CheckFunctionExists.c.o
/usr/bin/cc   -DCHECK_FUNCTION_EXISTS=pthread_create -o CMakeFiles/cmTC_94294.dir/CheckFunctionExists.c.o -c /home/ukasz/Clion/clion-2021.1.1/bin/cmake/linux/share/cmake-3.19/Modules/CheckFunctionExists.c
Linking C executable cmTC_94294
/home/ukasz/Clion/clion-2021.1.1/bin/cmake/linux/bin/cmake -E cmake_link_script CMakeFiles/cmTC_94294.dir/link.txt --verbose=1
/usr/bin/cc  -DCHECK_FUNCTION_EXISTS=pthread_create CMakeFiles/cmTC_94294.dir/CheckFunctionExists.c.o -o cmTC_94294  -lpthreads 
/usr/bin/ld: cannot find -lpthreads
collect2: error: ld returned 1 exit status
make[1]: *** [CMakeFiles/cmTC_94294.dir/build.make:106: cmTC_94294] Error 1
make[1]: Leaving directory '/home/ukasz/CLionProjects/Poker/cmake-build-debug/CMakeFiles/CMakeTmp'
make: *** [Makefile:140: cmTC_94294/fast] Error 2



